<?xml version="1.0" encoding="UTF-8"?>
<testsuite xmlns:xsi="http://www.w3.org/2001/XMLSchema-instance" xsi:noNamespaceSchemaLocation="https://maven.apache.org/surefire/maven-surefire-plugin/xsd/surefire-test-report.xsd" version="3.0.2" name="org.unlaxer.tramli.plugins.PluginIntegrationTest" time="0.139" tests="14" errors="0" skipped="0" failures="0">
  <properties>
[...]
</properties>
  <testcase name="observabilityDefaultModeReplaces" classname="org.unlaxer.tramli.plugins.PluginIntegrationTest" time="0.039"/>
  <testcase name="enginePluginInstallation" classname="org.unlaxer.tramli.plugins.PluginIntegrationTest" time="0.002"/>
  <testcase name="richResumeClassification" classname="org.unlaxer.tramli.plugins.PluginIntegrationTest" time="0.017"/>
  <testcase name="idempotencyDuplicateSuppression" classname="org.unlaxer.tramli.plugins.PluginIntegrationTest" time="0.002"/>
  <testcase name="diagramGeneration" classname="org.unlaxer.tramli.plugins.PluginIntegrationTest" time="0.008"/>
  <testcase name="eventstoreReplay" classname="org.unlaxer.tramli.plugins.PluginIntegrationTest" time="0.003"/>
  <testcase name="documentationGeneration" classname="org.unlaxer.tramli.plugins.PluginIntegrationTest" time="0.002"/>
  <testcase name="scenarioGeneration" classname="org.unlaxer.tramli.plugins.PluginIntegrationTest" time="0.004"/>
  <testcase name="lintAnalysis" classname="org.unlaxer.tramli.plugins.PluginIntegrationTest" time="0.005"/>
  <testcase name="systemLoggerTelemetrySink" classname="org.unlaxer.tramli.plugins.PluginIntegrationTest" time="0.025">
    <system-err><![CDATA[4月 09, 2026 3:24:19 午後 org.unlaxer.tramli.plugins.observability.SystemLoggerTelemetrySink emit
情報: [transition] flow=f1 (test-flow) A -> B via Proc1 (42µs)
4月 09, 2026 3:24:19 午後 org.unlaxer.tramli.plugins.observability.SystemLoggerTelemetrySink emit
警告: [error] flow=f1 (test-flow) processor failed (0µs)
]]></system-err>
  </testcase>
  <testcase name="observabilityAppendModeChains" classname="org.unlaxer.tramli.plugins.PluginIntegrationTest" time="0.001"/>
  <testcase name="validatorSemanticsUnchangedWithPlugins" classname="org.unlaxer.tramli.plugins.PluginIntegrationTest" time="0.003"/>
  <testcase name="storePluginWrapping" classname="org.unlaxer.tramli.plugins.PluginIntegrationTest" time="0.002"/>
  <testcase name="pluginRegistryLifecycle" classname="org.unlaxer.tramli.plugins.PluginIntegrationTest" time="0.001"/>
</testsuite>